[debug] [2025-04-16T13:49:52.493Z] ----------------------------------------------------------------------
[debug] [2025-04-16T13:49:52.502Z] Command:       C:\Program Files\nodejs\node.exe C:\Users\Carlos Humberto\AppData\Roaming\npm\node_modules\firebase-tools\lib\bin\firebase.js init
[debug] [2025-04-16T13:49:52.503Z] CLI Version:   14.1.0
[debug] [2025-04-16T13:49:52.503Z] Platform:      win32
[debug] [2025-04-16T13:49:52.504Z] Node Version:  v20.14.0
[debug] [2025-04-16T13:49:52.504Z] Time:          Wed Apr 16 2025 10:49:52 GMT-0300 (Horário Padrão de Brasília)
[debug] [2025-04-16T13:49:52.505Z] ----------------------------------------------------------------------
[debug] 
[debug] [2025-04-16T13:49:52.511Z] >>> [apiv2][query] GET https://firebase-public.firebaseio.com/cli.json [none]
[debug] [2025-04-16T13:49:52.658Z] > command requires scopes: ["email","openid","https://www.googleapis.com/auth/cloudplatformprojects.readonly","https://www.googleapis.com/auth/firebase","https://www.googleapis.com/auth/cloud-platform"]
[debug] [2025-04-16T13:49:52.659Z] > authorizing via signed-in user (camehudev@gmail.com)
[info] 
     ######## #### ########  ######## ########     ###     ######  ########
     ##        ##  ##     ## ##       ##     ##  ##   ##  ##       ##
     ######    ##  ########  ######   ########  #########  ######  ######
     ##        ##  ##    ##  ##       ##     ## ##     ##       ## ##
     ##       #### ##     ## ######## ########  ##     ##  ######  ########

You're about to initialize a Firebase project in this directory:

  D:\Git_lab\folha de contas\folha_contas-ui

[debug] [2025-04-16T13:49:53.124Z] <<< [apiv2][status] GET https://firebase-public.firebaseio.com/cli.json 200
[debug] [2025-04-16T13:49:53.125Z] <<< [apiv2][body] GET https://firebase-public.firebaseio.com/cli.json {"cloudBuildErrorAfter":1594252800000,"cloudBuildWarnAfter":1590019200000,"defaultNode10After":1594252800000,"minVersion":"3.0.5","node8DeploysDisabledAfter":1613390400000,"node8RuntimeDisabledAfter":1615809600000,"node8WarnAfter":1600128000000}
[info] 
=== Project Setup
[info] 
[info] First, let's associate this project directory with a Firebase project.
[info] You can create multiple project aliases by running firebase use --add, 
[info] but for now we'll just set up a default project.
[info] 
[debug] [2025-04-16T13:50:39.662Z] Checked if tokens are valid: false, expires at: 1741716686457
[debug] [2025-04-16T13:50:39.663Z] Checked if tokens are valid: false, expires at: 1741716686457
[debug] [2025-04-16T13:50:39.663Z] > refreshing access token with scopes: []
[debug] [2025-04-16T13:50:39.665Z] >>> [apiv2][query] POST https://www.googleapis.com/oauth2/v3/token [none]
[debug] [2025-04-16T13:50:39.665Z] >>> [apiv2][body] POST https://www.googleapis.com/oauth2/v3/token [omitted]
[debug] [2025-04-16T13:50:40.067Z] <<< [apiv2][status] POST https://www.googleapis.com/oauth2/v3/token 200
[debug] [2025-04-16T13:50:40.067Z] <<< [apiv2][body] POST https://www.googleapis.com/oauth2/v3/token [omitted]
[debug] [2025-04-16T13:50:40.083Z] >>> [apiv2][query] GET https://firebase.googleapis.com/v1beta1/projects pageSize=100
[debug] [2025-04-16T13:50:40.972Z] <<< [apiv2][status] GET https://firebase.googleapis.com/v1beta1/projects 200
[debug] [2025-04-16T13:50:40.973Z] <<< [apiv2][body] GET https://firebase.googleapis.com/v1beta1/projects [omitted]
[info] i  Using project folha-contas-ui (folha-contas-ui) 
[info] 
=== Hosting Setup
[debug] [2025-04-16T13:50:47.502Z] Checked if tokens are valid: true, expires at: 1744815039067
[debug] [2025-04-16T13:50:47.503Z] Checked if tokens are valid: true, expires at: 1744815039067
[debug] [2025-04-16T13:50:47.503Z] >>> [apiv2][query] GET https://firebase.googleapis.com/v1beta1/projects/folha-contas-ui [none]
[debug] [2025-04-16T13:50:47.943Z] <<< [apiv2][status] GET https://firebase.googleapis.com/v1beta1/projects/folha-contas-ui 200
[debug] [2025-04-16T13:50:47.944Z] <<< [apiv2][body] GET https://firebase.googleapis.com/v1beta1/projects/folha-contas-ui {"projectId":"folha-contas-ui","projectNumber":"842729448191","displayName":"folha-contas-ui","name":"projects/folha-contas-ui","resources":{"hostingSite":"folha-contas-ui"},"state":"ACTIVE","etag":"1_0deaff5a-ac6a-45ab-ad3b-38d523fa8c9d"}
[info] 
[info] Your public directory is the folder (relative to your project directory) that
[info] will contain Hosting assets to be uploaded with firebase deploy. If you
[info] have a build process for your assets, use your build's output directory.
[info] 
[info] +  Wrote src/404.html 
[debug] [2025-04-16T13:52:21.687Z] >>> [apiv2][query] GET https://www.gstatic.com/firebasejs/releases.json [none]
[debug] [2025-04-16T13:52:21.879Z] <<< [apiv2][status] GET https://www.gstatic.com/firebasejs/releases.json 200
[debug] [2025-04-16T13:52:21.879Z] <<< [apiv2][body] GET https://www.gstatic.com/firebasejs/releases.json {"current":{"version":"11.6.0","browserURL":"https://www.gstatic.com/firebasejs/11.6.0/firebase.js","packageURL":"https://www.gstatic.com/firebasejs/11.6.0/firebase.tgz"},"live":{"version":"11.6","browserURL":"https://www.gstatic.com/firebasejs/live/11.6/firebase.js","packageURL":"https://www.gstatic.com/firebasejs/live/11.6/firebase.tgz"},"components":{"analytics":"https://www.gstatic.com/firebasejs/11.6.0/firebase-analytics.js","app":"https://www.gstatic.com/firebasejs/11.6.0/firebase-app.js","app-check":"https://www.gstatic.com/firebasejs/11.6.0/firebase-app-check.js","auth":"https://www.gstatic.com/firebasejs/11.6.0/firebase-auth.js","auth/cordova":"https://www.gstatic.com/firebasejs/11.6.0/firebase-auth/cordova.js","auth/web-extension":"https://www.gstatic.com/firebasejs/11.6.0/firebase-auth/web-extension.js","functions":"https://www.gstatic.com/firebasejs/11.6.0/firebase-functions.js","firestore":"https://www.gstatic.com/firebasejs/11.6.0/firebase-firestore.js","firestore/lite":"https://www.gstatic.com/firebasejs/11.6.0/firebase-firestore/lite.js","installations":"https://www.gstatic.com/firebasejs/11.6.0/firebase-installations.js","storage":"https://www.gstatic.com/firebasejs/11.6.0/firebase-storage.js","performance":"https://www.gstatic.com/firebasejs/11.6.0/firebase-performance.js","remote-config":"https://www.gstatic.com/firebasejs/11.6.0/firebase-remote-config.js","messaging":"https://www.gstatic.com/firebasejs/11.6.0/firebase-messaging.js","messaging/sw":"https://www.gstatic.com/firebasejs/11.6.0/firebase-messaging/sw.js","database":"https://www.gstatic.com/firebasejs/11.6.0/firebase-database.js","vertexai":"https://www.gstatic.com/firebasejs/11.6.0/firebase-vertexai.js","data-connect":"https://www.gstatic.com/firebasejs/11.6.0/firebase-data-connect.js","firestore.memory":"https://www.gstatic.com/firebasejs/11.6.0/firebase-firestore.memory.js"}}
[info] i  Skipping write of src/index.html 
[info] 
[info] i  Detected a .git folder at D:\Git_lab\folha de contas\folha_contas-ui 
[info] i  Authorizing with GitHub to upload your service account to a GitHub repository's secrets store. 
[info] 
[info] Visit this URL on this device to log in:
[info] https://github.com/login/oauth/authorize?client_id=89cf50f02ac6aaed3484&state=133955060&redirect_uri=http%3A%2F%2Flocalhost%3A9005&scope=read%3Auser%20repo%20public_repo
[info] 
[info] Waiting for authentication...
[debug] [2025-04-16T13:53:51.188Z] >>> [apiv2][query] POST https://github.com/login/oauth/access_token [none]
[debug] [2025-04-16T13:53:51.189Z] >>> [apiv2][body] POST https://github.com/login/oauth/access_token [stream]
[debug] [2025-04-16T13:53:51.582Z] <<< [apiv2][status] POST https://github.com/login/oauth/access_token 200
[debug] [2025-04-16T13:53:51.582Z] <<< [apiv2][body] POST https://github.com/login/oauth/access_token {"access_token":"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","token_type":"bearer","scope":"read:user,repo"}
[debug] [2025-04-16T13:53:51.594Z] >>> [apiv2][query] GET https://api.github.com/user [none]
[debug] [2025-04-16T13:53:52.068Z] <<< [apiv2][status] GET https://api.github.com/user 200
[debug] [2025-04-16T13:53:52.068Z] <<< [apiv2][body] GET https://api.github.com/user {"login":"camehu","id":18663541,"node_id":"MDQ6VXNlcjE4NjYzNTQx","avatar_url":"https://avatars.githubusercontent.com/u/18663541?v=4","gravatar_id":"","url":"https://api.github.com/users/camehu","html_url":"https://github.com/camehu","followers_url":"https://api.github.com/users/camehu/followers","following_url":"https://api.github.com/users/camehu/following{/other_user}","gists_url":"https://api.github.com/users/camehu/gists{/gist_id}","starred_url":"https://api.github.com/users/camehu/starred{/owner}{/repo}","subscriptions_url":"https://api.github.com/users/camehu/subscriptions","organizations_url":"https://api.github.com/users/camehu/orgs","repos_url":"https://api.github.com/users/camehu/repos","events_url":"https://api.github.com/users/camehu/events{/privacy}","received_events_url":"https://api.github.com/users/camehu/received_events","type":"User","user_view_type":"private","site_admin":false,"name":"Carlos Humberto","company":null,"blog":"","location":null,"email":"camehu@gmail.com","hireable":null,"bio":"Profissional com mais de 2 anos de experiência como desenvolvedor Front-End. Graduado em ADS e pós graduado em Desenvolvedor Front-End.","twitter_username":null,"notification_email":"camehu@gmail.com","public_repos":17,"public_gists":0,"followers":0,"following":0,"created_at":"2016-04-25T15:49:24Z","updated_at":"2025-03-12T19:15:37Z","private_gists":0,"total_private_repos":9,"owned_private_repos":9,"disk_usage":40316,"collaborators":0,"two_factor_authentication":false,"plan":{"name":"free","space":976562499,"collaborators":0,"private_repos":10000}}
[info] 
[info] +  Success! Logged into GitHub as camehu 
[info] 
